[24-Nov-2018 09:28:10 UTC] PHP Notice:  Undefined variable: data_total in /home/poweri33/public_html/philanthropyproject.com/wp-content/themes/philanthropy-project-child-theme/edd_templates/checkout_cart.php on line 176
[24-Nov-2018 09:28:10 UTC] PHP Notice:  Undefined variable: total in /home/poweri33/public_html/philanthropyproject.com/wp-content/themes/philanthropy-project-child-theme/edd_templates/checkout_cart.php on line 176
[24-Nov-2018 09:30:08 UTC] PHP Notice:  ninja_forms_display_form is <strong>deprecated</strong> since Ninja Forms version 3.0! Use Ninja_Forms()->display( $form_id, $is_preview ) instead. in /home/poweri33/public_html/philanthropyproject.com/wp-content/plugins/ninja-forms/ninja-forms.php on line 887
[24-Nov-2018 09:30:29 UTC] PHP Notice:  Undefined variable: data_total in /home/poweri33/public_html/philanthropyproject.com/wp-content/themes/philanthropy-project-child-theme/edd_templates/checkout_cart.php on line 176
[24-Nov-2018 09:30:29 UTC] PHP Notice:  Undefined variable: total in /home/poweri33/public_html/philanthropyproject.com/wp-content/themes/philanthropy-project-child-theme/edd_templates/checkout_cart.php on line 176
[24-Nov-2018 09:30:37 UTC] PHP Notice:  ninja_forms_display_form is <strong>deprecated</strong> since Ninja Forms version 3.0! Use Ninja_Forms()->display( $form_id, $is_preview ) instead. in /home/poweri33/public_html/philanthropyproject.com/wp-content/plugins/ninja-forms/ninja-forms.php on line 887
[24-Nov-2018 09:31:31 UTC] PHP Notice:  Undefined variable: data_total in /home/poweri33/public_html/philanthropyproject.com/wp-content/themes/philanthropy-project-child-theme/edd_templates/checkout_cart.php on line 176
[24-Nov-2018 09:31:31 UTC] PHP Notice:  Undefined variable: total in /home/poweri33/public_html/philanthropyproject.com/wp-content/themes/philanthropy-project-child-theme/edd_templates/checkout_cart.php on line 176
[24-Nov-2018 09:31:36 UTC] PHP Notice:  ninja_forms_display_form is <strong>deprecated</strong> since Ninja Forms version 3.0! Use Ninja_Forms()->display( $form_id, $is_preview ) instead. in /home/poweri33/public_html/philanthropyproject.com/wp-content/plugins/ninja-forms/ninja-forms.php on line 887
[24-Nov-2018 09:33:43 UTC] PHP Notice:  Undefined variable: data_total in /home/poweri33/public_html/philanthropyproject.com/wp-content/themes/philanthropy-project-child-theme/edd_templates/checkout_cart.php on line 176
[24-Nov-2018 09:33:43 UTC] PHP Notice:  Undefined variable: total in /home/poweri33/public_html/philanthropyproject.com/wp-content/themes/philanthropy-project-child-theme/edd_templates/checkout_cart.php on line 176
[24-Nov-2018 09:33:50 UTC] PHP Notice:  ninja_forms_display_form is <strong>deprecated</strong> since Ninja Forms version 3.0! Use Ninja_Forms()->display( $form_id, $is_preview ) instead. in /home/poweri33/public_html/philanthropyproject.com/wp-content/plugins/ninja-forms/ninja-forms.php on line 887
[24-Nov-2018 09:34:44 UTC] PHP Notice:  Trying to get property of non-object in /home/poweri33/public_html/philanthropyproject.com/wp-content/plugins/miniorange-login-openid/miniorange_openid_sso_settings.php on line 434
[24-Nov-2018 09:35:43 UTC] PHP Notice:  Undefined variable: data_total in /home/poweri33/public_html/philanthropyproject.com/wp-content/themes/philanthropy-project-child-theme/edd_templates/checkout_cart.php on line 178
[24-Nov-2018 09:35:43 UTC] PHP Notice:  Undefined variable: total in /home/poweri33/public_html/philanthropyproject.com/wp-content/themes/philanthropy-project-child-theme/edd_templates/checkout_cart.php on line 178
[24-Nov-2018 09:35:51 UTC] PHP Notice:  ninja_forms_display_form is <strong>deprecated</strong> since Ninja Forms version 3.0! Use Ninja_Forms()->display( $form_id, $is_preview ) instead. in /home/poweri33/public_html/philanthropyproject.com/wp-content/plugins/ninja-forms/ninja-forms.php on line 887
[24-Nov-2018 09:36:04 UTC] PHP Notice:  Undefined variable: data_total in /home/poweri33/public_html/philanthropyproject.com/wp-content/themes/philanthropy-project-child-theme/edd_templates/checkout_cart.php on line 178
[24-Nov-2018 09:36:04 UTC] PHP Notice:  Undefined variable: total in /home/poweri33/public_html/philanthropyproject.com/wp-content/themes/philanthropy-project-child-theme/edd_templates/checkout_cart.php on line 178
[24-Nov-2018 09:36:15 UTC] PHP Notice:  ninja_forms_display_form is <strong>deprecated</strong> since Ninja Forms version 3.0! Use Ninja_Forms()->display( $form_id, $is_preview ) instead. in /home/poweri33/public_html/philanthropyproject.com/wp-content/plugins/ninja-forms/ninja-forms.php on line 887
[24-Nov-2018 09:36:55 UTC] PHP Notice:  Undefined variable: data_total in /home/poweri33/public_html/philanthropyproject.com/wp-content/themes/philanthropy-project-child-theme/edd_templates/checkout_cart.php on line 178
[24-Nov-2018 09:36:55 UTC] PHP Notice:  Undefined variable: total in /home/poweri33/public_html/philanthropyproject.com/wp-content/themes/philanthropy-project-child-theme/edd_templates/checkout_cart.php on line 178
[24-Nov-2018 09:37:02 UTC] PHP Notice:  ninja_forms_display_form is <strong>deprecated</strong> since Ninja Forms version 3.0! Use Ninja_Forms()->display( $form_id, $is_preview ) instead. in /home/poweri33/public_html/philanthropyproject.com/wp-content/plugins/ninja-forms/ninja-forms.php on line 887
[24-Nov-2018 09:37:50 UTC] PHP Notice:  Undefined variable: data_total in /home/poweri33/public_html/philanthropyproject.com/wp-content/themes/philanthropy-project-child-theme/edd_templates/checkout_cart.php on line 178
[24-Nov-2018 09:37:50 UTC] PHP Notice:  Undefined variable: total in /home/poweri33/public_html/philanthropyproject.com/wp-content/themes/philanthropy-project-child-theme/edd_templates/checkout_cart.php on line 178
[24-Nov-2018 09:37:57 UTC] PHP Notice:  ninja_forms_display_form is <strong>deprecated</strong> since Ninja Forms version 3.0! Use Ninja_Forms()->display( $form_id, $is_preview ) instead. in /home/poweri33/public_html/philanthropyproject.com/wp-content/plugins/ninja-forms/ninja-forms.php on line 887
[24-Nov-2018 09:38:20 UTC] PHP Notice:  Undefined variable: data_total in /home/poweri33/public_html/philanthropyproject.com/wp-content/themes/philanthropy-project-child-theme/edd_templates/checkout_cart.php on line 178
[24-Nov-2018 09:38:20 UTC] PHP Notice:  Undefined variable: total in /home/poweri33/public_html/philanthropyproject.com/wp-content/plugins/pp-edd-stripe/pp-edd-stripe.php on line 183
[24-Nov-2018 09:38:26 UTC] PHP Notice:  ninja_forms_display_form is <strong>deprecated</strong> since Ninja Forms version 3.0! Use Ninja_Forms()->display( $form_id, $is_preview ) instead. in /home/poweri33/public_html/philanthropyproject.com/wp-content/plugins/ninja-forms/ninja-forms.php on line 887
[24-Nov-2018 09:41:13 UTC] PHP Notice:  Undefined index: post-status-notifier/post-status-notifier.php in /home/poweri33/public_html/philanthropyproject.com/wp-content/plugins/post-status-notifier/lib/IfwPsn/Wp/Plugin/Update/Api/Envato.php on line 124
[24-Nov-2018 09:43:26 UTC] PHP Notice:  Undefined variable: data_total in /home/poweri33/public_html/philanthropyproject.com/wp-content/themes/philanthropy-project-child-theme/edd_templates/checkout_cart.php on line 178
[24-Nov-2018 09:43:26 UTC] PHP Notice:  Undefined variable: total in /home/poweri33/public_html/philanthropyproject.com/wp-content/plugins/pp-edd-stripe/pp-edd-stripe.php on line 183
[24-Nov-2018 09:43:33 UTC] PHP Notice:  ninja_forms_display_form is <strong>deprecated</strong> since Ninja Forms version 3.0! Use Ninja_Forms()->display( $form_id, $is_preview ) instead. in /home/poweri33/public_html/philanthropyproject.com/wp-content/plugins/ninja-forms/ninja-forms.php on line 887
[24-Nov-2018 09:45:09 UTC] PHP Notice:  Undefined variable: total in /home/poweri33/public_html/philanthropyproject.com/wp-content/plugins/pp-edd-stripe/pp-edd-stripe.php on line 183
[24-Nov-2018 09:45:15 UTC] PHP Notice:  ninja_forms_display_form is <strong>deprecated</strong> since Ninja Forms version 3.0! Use Ninja_Forms()->display( $form_id, $is_preview ) instead. in /home/poweri33/public_html/philanthropyproject.com/wp-content/plugins/ninja-forms/ninja-forms.php on line 887
[24-Nov-2018 09:45:49 UTC] PHP Notice:  Undefined variable: total in /home/poweri33/public_html/philanthropyproject.com/wp-content/plugins/pp-edd-stripe/pp-edd-stripe.php on line 183
[24-Nov-2018 09:45:54 UTC] PHP Notice:  ninja_forms_display_form is <strong>deprecated</strong> since Ninja Forms version 3.0! Use Ninja_Forms()->display( $form_id, $is_preview ) instead. in /home/poweri33/public_html/philanthropyproject.com/wp-content/plugins/ninja-forms/ninja-forms.php on line 887
[24-Nov-2018 09:48:08 UTC] PHP Notice:  Undefined variable: currency_helper in /home/poweri33/public_html/philanthropyproject.com/wp-content/plugins/pp-edd-stripe/pp-edd-stripe.php on line 177
[24-Nov-2018 09:48:08 UTC] PHP Fatal error:  Call to a member function get_monetary_amount() on null in /home/poweri33/public_html/philanthropyproject.com/wp-content/plugins/pp-edd-stripe/pp-edd-stripe.php on line 177
[24-Nov-2018 09:48:13 UTC] PHP Notice:  ninja_forms_display_form is <strong>deprecated</strong> since Ninja Forms version 3.0! Use Ninja_Forms()->display( $form_id, $is_preview ) instead. in /home/poweri33/public_html/philanthropyproject.com/wp-content/plugins/ninja-forms/ninja-forms.php on line 887
[24-Nov-2018 09:49:27 UTC] PHP Notice:  ninja_forms_display_form is <strong>deprecated</strong> since Ninja Forms version 3.0! Use Ninja_Forms()->display( $form_id, $is_preview ) instead. in /home/poweri33/public_html/philanthropyproject.com/wp-content/plugins/ninja-forms/ninja-forms.php on line 887
[24-Nov-2018 09:50:50 UTC] PHP Notice:  ninja_forms_display_form is <strong>deprecated</strong> since Ninja Forms version 3.0! Use Ninja_Forms()->display( $form_id, $is_preview ) instead. in /home/poweri33/public_html/philanthropyproject.com/wp-content/plugins/ninja-forms/ninja-forms.php on line 887
[24-Nov-2018 09:52:00 UTC] PHP Notice:  Trying to get property of non-object in /home/poweri33/public_html/philanthropyproject.com/wp-content/plugins/charitable/includes/public/class-charitable-session.php on line 381
[24-Nov-2018 09:52:02 UTC] PHP Notice:  Trying to get property of non-object in /home/poweri33/public_html/philanthropyproject.com/wp-content/plugins/charitable/includes/public/class-charitable-session.php on line 381
[24-Nov-2018 09:58:04 UTC] PHP Notice:  Trying to get property of non-object in /home/poweri33/public_html/philanthropyproject.com/wp-content/plugins/charitable/includes/public/class-charitable-session.php on line 381
[24-Nov-2018 09:58:43 UTC] PHP Notice:  ninja_forms_display_form is <strong>deprecated</strong> since Ninja Forms version 3.0! Use Ninja_Forms()->display( $form_id, $is_preview ) instead. in /home/poweri33/public_html/philanthropyproject.com/wp-content/plugins/ninja-forms/ninja-forms.php on line 887
[24-Nov-2018 09:58:52 UTC] PHP Warning:  Invalid argument supplied for foreach() in /home/poweri33/public_html/philanthropyproject.com/wp-content/plugins/philanthropy-project-toolkit/legacy/includes/admin/views/metaboxes/campaign-benefactor-settings.php on line 64
[24-Nov-2018 10:09:22 UTC] PHP Strict Standards:  call_user_func_array() expects parameter 1 to be a valid callback, non-static method Tribe__Events__iCal::single_event_links() should not be called statically in /home/poweri33/public_html/philanthropyproject.com/wp-includes/class-wp-hook.php on line 286
[24-Nov-2018 10:09:22 UTC] PHP Notice:  /home/poweri33/public_html/philanthropyproject.com/wp-content/plugins/event-tickets/common/src/deprecated/Tribe__Events__Date_Utils.php is <strong>deprecated</strong> since version 4.0! Use Tribe__Date_Utils.php instead. in /home/poweri33/public_html/philanthropyproject.com/wp-includes/functions.php on line 3981
[24-Nov-2018 10:09:22 UTC] PHP Notice:  /home/poweri33/public_html/philanthropyproject.com/wp-content/plugins/the-events-calendar/src/deprecated/TribeEvents.php is <strong>deprecated</strong> since version 3.10! Use Tribe__Events__Main instead. in /home/poweri33/public_html/philanthropyproject.com/wp-includes/functions.php on line 3981
[24-Nov-2018 10:39:17 UTC] PHP Notice:  Trying to get property of non-object in /home/poweri33/public_html/philanthropyproject.com/wp-content/plugins/miniorange-login-openid/miniorange_openid_sso_settings.php on line 434
[24-Nov-2018 10:47:06 UTC] PHP Notice:  Trying to get property of non-object in /home/poweri33/public_html/philanthropyproject.com/wp-content/plugins/miniorange-login-openid/miniorange_openid_sso_settings.php on line 434
[24-Nov-2018 10:48:03 UTC] PHP Notice:  Trying to get property of non-object in /home/poweri33/public_html/philanthropyproject.com/wp-content/plugins/miniorange-login-openid/miniorange_openid_sso_settings.php on line 434
[24-Nov-2018 11:19:50 UTC] PHP Notice:  Trying to get property of non-object in /home/poweri33/public_html/philanthropyproject.com/wp-content/plugins/charitable/includes/public/class-charitable-session.php on line 381
[24-Nov-2018 11:19:52 UTC] PHP Notice:  Trying to get property of non-object in /home/poweri33/public_html/philanthropyproject.com/wp-content/plugins/charitable/includes/public/class-charitable-session.php on line 381
[24-Nov-2018 11:35:08 UTC] PHP Notice:  Trying to get property of non-object in /home/poweri33/public_html/philanthropyproject.com/wp-content/plugins/miniorange-login-openid/miniorange_openid_sso_settings.php on line 434
[24-Nov-2018 11:45:51 UTC] PHP Notice:  Trying to get property of non-object in /home/poweri33/public_html/philanthropyproject.com/wp-content/plugins/charitable/includes/public/class-charitable-session.php on line 381
[24-Nov-2018 12:48:08 UTC] PHP Notice:  Trying to get property of non-object in /home/poweri33/public_html/philanthropyproject.com/wp-content/plugins/charitable/includes/public/class-charitable-session.php on line 381
[24-Nov-2018 12:48:10 UTC] PHP Notice:  Trying to get property of non-object in /home/poweri33/public_html/philanthropyproject.com/wp-content/plugins/charitable/includes/public/class-charitable-session.php on line 381
[24-Nov-2018 12:57:45 UTC] PHP Notice:  Trying to get property of non-object in /home/poweri33/public_html/philanthropyproject.com/wp-content/plugins/miniorange-login-openid/miniorange_openid_sso_settings.php on line 434
[24-Nov-2018 13:00:28 UTC] PHP Notice:  Trying to get property of non-object in /home/poweri33/public_html/philanthropyproject.com/wp-content/plugins/miniorange-login-openid/miniorange_openid_sso_settings.php on line 434
[24-Nov-2018 13:34:56 UTC] PHP Strict Standards:  call_user_func_array() expects parameter 1 to be a valid callback, non-static method Tribe__Events__iCal::single_event_links() should not be called statically in /home/poweri33/public_html/philanthropyproject.com/wp-includes/class-wp-hook.php on line 286
[24-Nov-2018 13:34:56 UTC] PHP Notice:  /home/poweri33/public_html/philanthropyproject.com/wp-content/plugins/event-tickets/common/src/deprecated/Tribe__Events__Date_Utils.php is <strong>deprecated</strong> since version 4.0! Use Tribe__Date_Utils.php instead. in /home/poweri33/public_html/philanthropyproject.com/wp-includes/functions.php on line 3981
[24-Nov-2018 13:34:56 UTC] PHP Notice:  /home/poweri33/public_html/philanthropyproject.com/wp-content/plugins/the-events-calendar/src/deprecated/TribeEvents.php is <strong>deprecated</strong> since version 3.10! Use Tribe__Events__Main instead. in /home/poweri33/public_html/philanthropyproject.com/wp-includes/functions.php on line 3981
[24-Nov-2018 13:52:58 UTC] PHP Notice:  Trying to get property of non-object in /home/poweri33/public_html/philanthropyproject.com/wp-content/plugins/philanthropy-project-toolkit/legacy/templates/form-fields/referrer.php on line 41
[24-Nov-2018 13:53:01 UTC] PHP Notice:  Trying to get property of non-object in /home/poweri33/public_html/philanthropyproject.com/wp-content/plugins/philanthropy-project-toolkit/legacy/templates/form-fields/referrer.php on line 41
[24-Nov-2018 14:26:19 UTC] PHP Notice:  Undefined variable: filename in /home/poweri33/public_html/philanthropyproject.com/wp-content/plugins/philanthropy-project-toolkit/legacy/includes/class-pp-charitable-campaign-form.php on line 1227
[24-Nov-2018 14:31:17 UTC] PHP Notice:  Trying to get property of non-object in /home/poweri33/public_html/philanthropyproject.com/wp-content/plugins/charitable/includes/public/class-charitable-session.php on line 381
[24-Nov-2018 14:31:18 UTC] PHP Notice:  Trying to get property of non-object in /home/poweri33/public_html/philanthropyproject.com/wp-content/plugins/charitable/includes/public/class-charitable-session.php on line 381
[24-Nov-2018 14:49:30 UTC] PHP Notice:  Trying to get property of non-object in /home/poweri33/public_html/philanthropyproject.com/wp-content/plugins/charitable/includes/public/class-charitable-session.php on line 381
[24-Nov-2018 14:53:04 UTC] PHP Notice:  Trying to get property of non-object in /home/poweri33/public_html/philanthropyproject.com/wp-content/plugins/miniorange-login-openid/miniorange_openid_sso_settings.php on line 434
[24-Nov-2018 15:04:06 UTC] PHP Notice:  Trying to get property of non-object in /home/poweri33/public_html/philanthropyproject.com/wp-content/plugins/miniorange-login-openid/miniorange_openid_sso_settings.php on line 434
[24-Nov-2018 15:50:05 UTC] PHP Notice:  Trying to get property of non-object in /home/poweri33/public_html/philanthropyproject.com/wp-content/plugins/miniorange-login-openid/miniorange_openid_sso_settings.php on line 434
[24-Nov-2018 15:56:46 UTC] PHP Notice:  Trying to get property of non-object in /home/poweri33/public_html/philanthropyproject.com/wp-content/plugins/miniorange-login-openid/miniorange_openid_sso_settings.php on line 434
[24-Nov-2018 16:00:19 UTC] PHP Notice:  Trying to get property of non-object in /home/poweri33/public_html/philanthropyproject.com/wp-content/plugins/miniorange-login-openid/miniorange_openid_sso_settings.php on line 434
[24-Nov-2018 16:06:47 UTC] PHP Notice:  ninja_forms_display_form is <strong>deprecated</strong> since Ninja Forms version 3.0! Use Ninja_Forms()->display( $form_id, $is_preview ) instead. in /home/poweri33/public_html/philanthropyproject.com/wp-content/plugins/ninja-forms/ninja-forms.php on line 887
[24-Nov-2018 16:07:21 UTC] PHP Notice:  Trying to get property of non-object in /home/poweri33/public_html/philanthropyproject.com/wp-content/plugins/miniorange-login-openid/miniorange_openid_sso_settings.php on line 434
[24-Nov-2018 16:08:54 UTC] PHP Notice:  Undefined variable: multiple_transfer in /home/poweri33/public_html/philanthropyproject.com/wp-content/plugins/pp-edd-stripe/includes/payment-actions.php on line 246
[24-Nov-2018 16:11:17 UTC] PHP Notice:  ninja_forms_display_form is <strong>deprecated</strong> since Ninja Forms version 3.0! Use Ninja_Forms()->display( $form_id, $is_preview ) instead. in /home/poweri33/public_html/philanthropyproject.com/wp-content/plugins/ninja-forms/ninja-forms.php on line 887
[24-Nov-2018 16:12:40 UTC] PHP Notice:  Trying to get property of non-object in /home/poweri33/public_html/philanthropyproject.com/wp-content/plugins/charitable/includes/public/class-charitable-session.php on line 381
[24-Nov-2018 16:34:30 UTC] PHP Notice:  Trying to get property of non-object in /home/poweri33/public_html/philanthropyproject.com/wp-content/plugins/charitable/includes/public/class-charitable-session.php on line 381
[24-Nov-2018 16:34:31 UTC] PHP Notice:  Trying to get property of non-object in /home/poweri33/public_html/philanthropyproject.com/wp-content/plugins/charitable/includes/public/class-charitable-session.php on line 381
[24-Nov-2018 17:45:17 UTC] PHP Notice:  Trying to get property of non-object in /home/poweri33/public_html/philanthropyproject.com/wp-content/plugins/charitable/includes/public/class-charitable-session.php on line 381
[24-Nov-2018 17:45:18 UTC] PHP Notice:  Trying to get property of non-object in /home/poweri33/public_html/philanthropyproject.com/wp-content/plugins/charitable/includes/public/class-charitable-session.php on line 381
[24-Nov-2018 18:03:49 UTC] PHP Notice:  Trying to get property of non-object in /home/poweri33/public_html/philanthropyproject.com/wp-content/plugins/miniorange-login-openid/miniorange_openid_sso_settings.php on line 434
[24-Nov-2018 18:11:59 UTC] PHP Notice:  Trying to get property of non-object in /home/poweri33/public_html/philanthropyproject.com/wp-content/plugins/miniorange-login-openid/miniorange_openid_sso_settings.php on line 434
[24-Nov-2018 18:50:09 UTC] PHP Notice:  Trying to get property of non-object in /home/poweri33/public_html/philanthropyproject.com/wp-content/plugins/miniorange-login-openid/miniorange_openid_sso_settings.php on line 434
[24-Nov-2018 18:54:50 UTC] PHP Notice:  Trying to get property of non-object in /home/poweri33/public_html/philanthropyproject.com/wp-content/plugins/miniorange-login-openid/miniorange_openid_sso_settings.php on line 434
[24-Nov-2018 19:01:18 UTC] PHP Notice:  Trying to get property of non-object in /home/poweri33/public_html/philanthropyproject.com/wp-content/plugins/miniorange-login-openid/miniorange_openid_sso_settings.php on line 434
[24-Nov-2018 19:03:27 UTC] PHP Notice:  Trying to get property of non-object in /home/poweri33/public_html/philanthropyproject.com/wp-includes/class-wp-query.php on line 3871
[24-Nov-2018 19:29:15 UTC] PHP Notice:  Trying to get property of non-object in /home/poweri33/public_html/philanthropyproject.com/wp-content/plugins/miniorange-login-openid/miniorange_openid_sso_settings.php on line 434
[24-Nov-2018 19:47:28 UTC] Aq_Resize.process() error: $url parameter is required
[24-Nov-2018 20:06:26 UTC] PHP Notice:  Trying to get property of non-object in /home/poweri33/public_html/philanthropyproject.com/wp-content/plugins/miniorange-login-openid/miniorange_openid_sso_settings.php on line 434
[24-Nov-2018 20:12:33 UTC] PHP Notice:  Trying to get property of non-object in /home/poweri33/public_html/philanthropyproject.com/wp-content/plugins/miniorange-login-openid/miniorange_openid_sso_settings.php on line 434
[24-Nov-2018 20:16:53 UTC] PHP Notice:  Trying to get property of non-object in /home/poweri33/public_html/philanthropyproject.com/wp-content/plugins/miniorange-login-openid/miniorange_openid_sso_settings.php on line 434
[24-Nov-2018 20:17:57 UTC] PHP Notice:  ninja_forms_display_form is <strong>deprecated</strong> since Ninja Forms version 3.0! Use Ninja_Forms()->display( $form_id, $is_preview ) instead. in /home/poweri33/public_html/philanthropyproject.com/wp-content/plugins/ninja-forms/ninja-forms.php on line 887
[24-Nov-2018 20:18:19 UTC] PHP Notice:  Undefined index:  in /home/poweri33/public_html/philanthropyproject.com/wp-content/plugins/pp-edd-stripe/includes/connect-actions.php on line 127
[24-Nov-2018 20:18:19 UTC] PHP Notice:  Trying to get property of non-object in /home/poweri33/public_html/philanthropyproject.com/wp-content/plugins/pp-edd-stripe/includes/connect-actions.php on line 127
[24-Nov-2018 20:18:57 UTC] PHP Notice:  Trying to get property of non-object in /home/poweri33/public_html/philanthropyproject.com/wp-content/plugins/miniorange-login-openid/miniorange_openid_sso_settings.php on line 434
[24-Nov-2018 20:19:01 UTC] PHP Notice:  Undefined variable: multiple_transfer in /home/poweri33/public_html/philanthropyproject.com/wp-content/plugins/pp-edd-stripe/includes/payment-actions.php on line 246
[24-Nov-2018 20:19:12 UTC] PHP Notice:  ninja_forms_display_form is <strong>deprecated</strong> since Ninja Forms version 3.0! Use Ninja_Forms()->display( $form_id, $is_preview ) instead. in /home/poweri33/public_html/philanthropyproject.com/wp-content/plugins/ninja-forms/ninja-forms.php on line 887
[24-Nov-2018 20:20:12 UTC] PHP Notice:  ninja_forms_display_form is <strong>deprecated</strong> since Ninja Forms version 3.0! Use Ninja_Forms()->display( $form_id, $is_preview ) instead. in /home/poweri33/public_html/philanthropyproject.com/wp-content/plugins/ninja-forms/ninja-forms.php on line 887
[24-Nov-2018 20:44:06 UTC] PHP Notice:  Trying to get property of non-object in /home/poweri33/public_html/philanthropyproject.com/wp-content/plugins/miniorange-login-openid/miniorange_openid_sso_settings.php on line 434
[24-Nov-2018 20:53:10 UTC] PHP Notice:  Trying to get property of non-object in /home/poweri33/public_html/philanthropyproject.com/wp-content/plugins/miniorange-login-openid/miniorange_openid_sso_settings.php on line 434
[24-Nov-2018 21:04:26 UTC] PHP Notice:  Trying to get property of non-object in /home/poweri33/public_html/philanthropyproject.com/wp-includes/class-wp-query.php on line 3871
[24-Nov-2018 21:07:23 UTC] PHP Notice:  Trying to get property of non-object in /home/poweri33/public_html/philanthropyproject.com/wp-content/plugins/miniorange-login-openid/miniorange_openid_sso_settings.php on line 434
[24-Nov-2018 21:13:43 UTC] PHP Notice:  Trying to get property of non-object in /home/poweri33/public_html/philanthropyproject.com/wp-content/plugins/miniorange-login-openid/miniorange_openid_sso_settings.php on line 434
[24-Nov-2018 21:23:55 UTC] PHP Notice:  Trying to get property of non-object in /home/poweri33/public_html/philanthropyproject.com/wp-content/plugins/miniorange-login-openid/miniorange_openid_sso_settings.php on line 434
[24-Nov-2018 21:35:05 UTC] PHP Notice:  Trying to get property of non-object in /home/poweri33/public_html/philanthropyproject.com/wp-content/plugins/miniorange-login-openid/miniorange_openid_sso_settings.php on line 434
[24-Nov-2018 21:48:18 UTC] PHP Notice:  Trying to get property of non-object in /home/poweri33/public_html/philanthropyproject.com/wp-content/plugins/charitable/includes/public/class-charitable-session.php on line 381
[24-Nov-2018 21:48:19 UTC] PHP Notice:  Trying to get property of non-object in /home/poweri33/public_html/philanthropyproject.com/wp-content/plugins/charitable/includes/public/class-charitable-session.php on line 381
[24-Nov-2018 21:50:13 UTC] PHP Notice:  Trying to get property of non-object in /home/poweri33/public_html/philanthropyproject.com/wp-content/plugins/miniorange-login-openid/miniorange_openid_sso_settings.php on line 434
[24-Nov-2018 21:50:53 UTC] PHP Strict Standards:  call_user_func_array() expects parameter 1 to be a valid callback, non-static method Tribe__Events__iCal::single_event_links() should not be called statically in /home/poweri33/public_html/philanthropyproject.com/wp-includes/class-wp-hook.php on line 286
[24-Nov-2018 21:50:53 UTC] PHP Notice:  /home/poweri33/public_html/philanthropyproject.com/wp-content/plugins/event-tickets/common/src/deprecated/Tribe__Events__Date_Utils.php is <strong>deprecated</strong> since version 4.0! Use Tribe__Date_Utils.php instead. in /home/poweri33/public_html/philanthropyproject.com/wp-includes/functions.php on line 3981
[24-Nov-2018 21:50:53 UTC] PHP Notice:  /home/poweri33/public_html/philanthropyproject.com/wp-content/plugins/the-events-calendar/src/deprecated/TribeEvents.php is <strong>deprecated</strong> since version 3.10! Use Tribe__Events__Main instead. in /home/poweri33/public_html/philanthropyproject.com/wp-includes/functions.php on line 3981
[24-Nov-2018 21:51:51 UTC] PHP Notice:  Trying to get property of non-object in /home/poweri33/public_html/philanthropyproject.com/wp-content/plugins/miniorange-login-openid/miniorange_openid_sso_settings.php on line 434
[24-Nov-2018 22:01:43 UTC] PHP Notice:  Trying to get property of non-object in /home/poweri33/public_html/philanthropyproject.com/wp-content/plugins/miniorange-login-openid/miniorange_openid_sso_settings.php on line 434
[24-Nov-2018 22:09:09 UTC] PHP Notice:  Trying to get property of non-object in /home/poweri33/public_html/philanthropyproject.com/wp-content/plugins/miniorange-login-openid/miniorange_openid_sso_settings.php on line 434
[24-Nov-2018 22:19:32 UTC] PHP Notice:  Trying to get property of non-object in /home/poweri33/public_html/philanthropyproject.com/wp-content/plugins/miniorange-login-openid/miniorange_openid_sso_settings.php on line 434
[24-Nov-2018 22:21:40 UTC] PHP Strict Standards:  call_user_func_array() expects parameter 1 to be a valid callback, non-static method Tribe__Events__iCal::single_event_links() should not be called statically in /home/poweri33/public_html/philanthropyproject.com/wp-includes/class-wp-hook.php on line 286
[24-Nov-2018 22:21:40 UTC] PHP Notice:  /home/poweri33/public_html/philanthropyproject.com/wp-content/plugins/event-tickets/common/src/deprecated/Tribe__Events__Date_Utils.php is <strong>deprecated</strong> since version 4.0! Use Tribe__Date_Utils.php instead. in /home/poweri33/public_html/philanthropyproject.com/wp-includes/functions.php on line 3981
[24-Nov-2018 22:21:40 UTC] PHP Notice:  /home/poweri33/public_html/philanthropyproject.com/wp-content/plugins/the-events-calendar/src/deprecated/TribeEvents.php is <strong>deprecated</strong> since version 3.10! Use Tribe__Events__Main instead. in /home/poweri33/public_html/philanthropyproject.com/wp-includes/functions.php on line 3981
[24-Nov-2018 22:21:49 UTC] PHP Notice:  Trying to get property of non-object in /home/poweri33/public_html/philanthropyproject.com/wp-content/plugins/charitable/includes/public/class-charitable-session.php on line 381
[24-Nov-2018 22:21:50 UTC] PHP Notice:  Trying to get property of non-object in /home/poweri33/public_html/philanthropyproject.com/wp-content/plugins/charitable/includes/public/class-charitable-session.php on line 381
[24-Nov-2018 22:25:43 UTC] PHP Notice:  Trying to get property of non-object in /home/poweri33/public_html/philanthropyproject.com/wp-content/plugins/miniorange-login-openid/miniorange_openid_sso_settings.php on line 434
[24-Nov-2018 22:25:47 UTC] PHP Notice:  Trying to get property of non-object in /home/poweri33/public_html/philanthropyproject.com/wp-content/plugins/miniorange-login-openid/miniorange_openid_sso_settings.php on line 434
[24-Nov-2018 22:28:42 UTC] PHP Notice:  Trying to get property of non-object in /home/poweri33/public_html/philanthropyproject.com/wp-content/plugins/miniorange-login-openid/miniorange_openid_sso_settings.php on line 434
[24-Nov-2018 22:29:36 UTC] PHP Notice:  Trying to get property of non-object in /home/poweri33/public_html/philanthropyproject.com/wp-content/plugins/miniorange-login-openid/miniorange_openid_sso_settings.php on line 434
[24-Nov-2018 22:33:11 UTC] PHP Notice:  Trying to get property of non-object in /home/poweri33/public_html/philanthropyproject.com/wp-content/plugins/miniorange-login-openid/miniorange_openid_sso_settings.php on line 434
[24-Nov-2018 22:41:06 UTC] PHP Notice:  Trying to get property of non-object in /home/poweri33/public_html/philanthropyproject.com/wp-content/plugins/miniorange-login-openid/miniorange_openid_sso_settings.php on line 434
[24-Nov-2018 23:19:37 UTC] PHP Notice:  Trying to get property of non-object in /home/poweri33/public_html/philanthropyproject.com/wp-content/plugins/miniorange-login-openid/miniorange_openid_sso_settings.php on line 434
[24-Nov-2018 23:33:53 UTC] PHP Strict Standards:  call_user_func_array() expects parameter 1 to be a valid callback, non-static method Tribe__Events__iCal::single_event_links() should not be called statically in /home/poweri33/public_html/philanthropyproject.com/wp-includes/class-wp-hook.php on line 286
[24-Nov-2018 23:33:53 UTC] PHP Notice:  /home/poweri33/public_html/philanthropyproject.com/wp-content/plugins/event-tickets/common/src/deprecated/Tribe__Events__Date_Utils.php is <strong>deprecated</strong> since version 4.0! Use Tribe__Date_Utils.php instead. in /home/poweri33/public_html/philanthropyproject.com/wp-includes/functions.php on line 3981
[24-Nov-2018 23:33:53 UTC] PHP Notice:  /home/poweri33/public_html/philanthropyproject.com/wp-content/plugins/the-events-calendar/src/deprecated/TribeEvents.php is <strong>deprecated</strong> since version 3.10! Use Tribe__Events__Main instead. in /home/poweri33/public_html/philanthropyproject.com/wp-includes/functions.php on line 3981
[24-Nov-2018 23:47:04 UTC] PHP Notice:  Trying to get property of non-object in /home/poweri33/public_html/philanthropyproject.com/wp-content/plugins/miniorange-login-openid/miniorange_openid_sso_settings.php on line 434
[24-Nov-2018 23:56:16 UTC] PHP Notice:  Trying to get property of non-object in /home/poweri33/public_html/philanthropyproject.com/wp-content/plugins/miniorange-login-openid/miniorange_openid_sso_settings.php on line 434
[25-Nov-2018 01:09:40 UTC] PHP Notice:  Trying to get property of non-object in /home/poweri33/public_html/philanthropyproject.com/wp-content/plugins/charitable/includes/public/class-charitable-session.php on line 381
[25-Nov-2018 01:09:41 UTC] PHP Notice:  Trying to get property of non-object in /home/poweri33/public_html/philanthropyproject.com/wp-content/plugins/charitable/includes/public/class-charitable-session.php on line 381
[25-Nov-2018 01:10:32 UTC] PHP Notice:  Trying to get property of non-object in /home/poweri33/public_html/philanthropyproject.com/wp-content/plugins/charitable/includes/public/class-charitable-session.php on line 381
[25-Nov-2018 01:10:34 UTC] PHP Notice:  Trying to get property of non-object in /home/poweri33/public_html/philanthropyproject.com/wp-content/plugins/charitable/includes/public/class-charitable-session.php on line 381
[25-Nov-2018 01:19:35 UTC] PHP Notice:  Trying to get property of non-object in /home/poweri33/public_html/philanthropyproject.com/wp-content/plugins/miniorange-login-openid/miniorange_openid_sso_settings.php on line 434
[25-Nov-2018 01:28:25 UTC] PHP Notice:  Trying to get property of non-object in /home/poweri33/public_html/philanthropyproject.com/wp-content/plugins/miniorange-login-openid/miniorange_openid_sso_settings.php on line 434
[25-Nov-2018 01:37:20 UTC] PHP Notice:  Trying to get property of non-object in /home/poweri33/public_html/philanthropyproject.com/wp-content/plugins/miniorange-login-openid/miniorange_openid_sso_settings.php on line 434
[25-Nov-2018 01:53:46 UTC] PHP Notice:  Trying to get property of non-object in /home/poweri33/public_html/philanthropyproject.com/wp-content/plugins/miniorange-login-openid/miniorange_openid_sso_settings.php on line 434
[25-Nov-2018 01:57:05 UTC] PHP Notice:  Trying to get property of non-object in /home/poweri33/public_html/philanthropyproject.com/wp-content/plugins/charitable/includes/public/class-charitable-session.php on line 381
[25-Nov-2018 01:57:07 UTC] PHP Notice:  Trying to get property of non-object in /home/poweri33/public_html/philanthropyproject.com/wp-content/plugins/charitable/includes/public/class-charitable-session.php on line 381
[25-Nov-2018 02:02:16 UTC] PHP Notice:  Trying to get property of non-object in /home/poweri33/public_html/philanthropyproject.com/wp-content/plugins/charitable/includes/public/class-charitable-session.php on line 381
[25-Nov-2018 02:02:18 UTC] PHP Notice:  Trying to get property of non-object in /home/poweri33/public_html/philanthropyproject.com/wp-content/plugins/charitable/includes/public/class-charitable-session.php on line 381
[25-Nov-2018 02:17:09 UTC] PHP Notice:  Trying to get property of non-object in /home/poweri33/public_html/philanthropyproject.com/wp-content/plugins/miniorange-login-openid/miniorange_openid_sso_settings.php on line 434
[25-Nov-2018 02:30:40 UTC] PHP Notice:  Trying to get property of non-object in /home/poweri33/public_html/philanthropyproject.com/wp-content/plugins/miniorange-login-openid/miniorange_openid_sso_settings.php on line 434
[25-Nov-2018 03:32:28 UTC] PHP Notice:  Trying to get property of non-object in /home/poweri33/public_html/philanthropyproject.com/wp-content/plugins/miniorange-login-openid/miniorange_openid_sso_settings.php on line 434
[25-Nov-2018 03:57:15 UTC] PHP Notice:  Trying to get property of non-object in /home/poweri33/public_html/philanthropyproject.com/wp-content/plugins/charitable/includes/public/class-charitable-session.php on line 381
[25-Nov-2018 03:59:44 UTC] PHP Notice:  Trying to get property of non-object in /home/poweri33/public_html/philanthropyproject.com/wp-content/plugins/charitable/includes/public/class-charitable-session.php on line 381
[25-Nov-2018 03:59:46 UTC] PHP Notice:  Trying to get property of non-object in /home/poweri33/public_html/philanthropyproject.com/wp-content/plugins/charitable/includes/public/class-charitable-session.php on line 381
[25-Nov-2018 04:37:45 UTC] PHP Notice:  Trying to get property of non-object in /home/poweri33/public_html/philanthropyproject.com/wp-content/plugins/miniorange-login-openid/miniorange_openid_sso_settings.php on line 434
[25-Nov-2018 04:40:40 UTC] PHP Notice:  Trying to get property of non-object in /home/poweri33/public_html/philanthropyproject.com/wp-content/plugins/charitable/includes/public/class-charitable-session.php on line 381
[25-Nov-2018 05:00:30 UTC] Aq_Resize.process() error: $url parameter is required
[25-Nov-2018 05:10:35 UTC] PHP Notice:  Trying to get property of non-object in /home/poweri33/public_html/philanthropyproject.com/wp-content/plugins/charitable/includes/public/class-charitable-session.php on line 381
[25-Nov-2018 05:10:37 UTC] PHP Notice:  Trying to get property of non-object in /home/poweri33/public_html/philanthropyproject.com/wp-content/plugins/charitable/includes/public/class-charitable-session.php on line 381
[25-Nov-2018 05:15:45 UTC] PHP Notice:  Trying to get property of non-object in /home/poweri33/public_html/philanthropyproject.com/wp-content/plugins/miniorange-login-openid/miniorange_openid_sso_settings.php on line 434
[25-Nov-2018 05:27:17 UTC] PHP Notice:  Trying to get property of non-object in /home/poweri33/public_html/philanthropyproject.com/wp-content/plugins/miniorange-login-openid/miniorange_openid_sso_settings.php on line 434
[25-Nov-2018 06:07:52 UTC] PHP Notice:  Trying to get property of non-object in /home/poweri33/public_html/philanthropyproject.com/wp-content/plugins/miniorange-login-openid/miniorange_openid_sso_settings.php on line 434
[25-Nov-2018 06:22:25 UTC] PHP Notice:  Trying to get property of non-object in /home/poweri33/public_html/philanthropyproject.com/wp-content/plugins/miniorange-login-openid/miniorange_openid_sso_settings.php on line 434
[25-Nov-2018 06:29:14 UTC] PHP Notice:  Trying to get property of non-object in /home/poweri33/public_html/philanthropyproject.com/wp-content/plugins/miniorange-login-openid/miniorange_openid_sso_settings.php on line 434
[25-Nov-2018 06:56:51 UTC] PHP Notice:  Trying to get property of non-object in /home/poweri33/public_html/philanthropyproject.com/wp-content/plugins/charitable/includes/public/class-charitable-session.php on line 381
[25-Nov-2018 06:56:52 UTC] PHP Notice:  Trying to get property of non-object in /home/poweri33/public_html/philanthropyproject.com/wp-content/plugins/charitable/includes/public/class-charitable-session.php on line 381
[25-Nov-2018 07:06:45 UTC] PHP Notice:  Trying to get property of non-object in /home/poweri33/public_html/philanthropyproject.com/wp-content/plugins/miniorange-login-openid/miniorange_openid_sso_settings.php on line 434
[25-Nov-2018 07:35:11 UTC] Aq_Resize.process() error: $url parameter is required
[25-Nov-2018 07:35:53 UTC] PHP Notice:  Trying to get property of non-object in /home/poweri33/public_html/philanthropyproject.com/wp-content/plugins/miniorange-login-openid/miniorange_openid_sso_settings.php on line 434
[25-Nov-2018 07:53:06 UTC] PHP Notice:  Trying to get property of non-object in /home/poweri33/public_html/philanthropyproject.com/wp-content/plugins/miniorange-login-openid/miniorange_openid_sso_settings.php on line 434
[25-Nov-2018 07:58:55 UTC] PHP Strict Standards:  call_user_func_array() expects parameter 1 to be a valid callback, non-static method Tribe__Events__iCal::single_event_links() should not be called statically in /home/poweri33/public_html/philanthropyproject.com/wp-includes/class-wp-hook.php on line 286
[25-Nov-2018 07:58:55 UTC] PHP Notice:  /home/poweri33/public_html/philanthropyproject.com/wp-content/plugins/event-tickets/common/src/deprecated/Tribe__Events__Date_Utils.php is <strong>deprecated</strong> since version 4.0! Use Tribe__Date_Utils.php instead. in /home/poweri33/public_html/philanthropyproject.com/wp-includes/functions.php on line 3981
[25-Nov-2018 07:58:55 UTC] PHP Notice:  /home/poweri33/public_html/philanthropyproject.com/wp-content/plugins/the-events-calendar/src/deprecated/TribeEvents.php is <strong>deprecated</strong> since version 3.10! Use Tribe__Events__Main instead. in /home/poweri33/public_html/philanthropyproject.com/wp-includes/functions.php on line 3981
[25-Nov-2018 08:26:47 UTC] PHP Notice:  Trying to get property of non-object in /home/poweri33/public_html/philanthropyproject.com/wp-content/plugins/miniorange-login-openid/miniorange_openid_sso_settings.php on line 434
[25-Nov-2018 08:33:42 UTC] PHP Notice:  Trying to get property of non-object in /home/poweri33/public_html/philanthropyproject.com/wp-content/plugins/miniorange-login-openid/miniorange_openid_sso_settings.php on line 434
[25-Nov-2018 09:15:27 UTC] PHP Notice:  Trying to get property of non-object in /home/poweri33/public_html/philanthropyproject.com/wp-content/plugins/miniorange-login-openid/miniorange_openid_sso_settings.php on line 434
[25-Nov-2018 09:16:09 UTC] PHP Notice:  Trying to get property of non-object in /home/poweri33/public_html/philanthropyproject.com/wp-content/plugins/miniorange-login-openid/miniorange_openid_sso_settings.php on line 434
